INFO 2017-08-14 14:52:18,248 - User Face Recognizer Instantiated
DEBUG 2017-08-14 14:52:19,031 - new_image:[[[221 228 220]
  [222 229 221]
  [222 229 221]
  ..., 
  [150 152 131]
  [150 152 131]
  [150 152 131]]

 [[223 230 222]
  [223 230 222]
  [222 229 221]
  ..., 
  [150 152 131]
  [150 152 131]
  [150 152 131]]

 [[225 232 224]
  [224 231 223]
  [222 229 221]
  ..., 
  [150 153 132]
  [150 153 132]
  [150 153 132]]

 ..., 
 [[181 234 248]
  [167 220 234]
  [154 207 223]
  ..., 
  [ 44  41  36]
  [ 45  42  35]
  [ 47  44  35]]

 [[174 224 233]
  [172 225 233]
  [170 222 233]
  ..., 
  [ 43  40  35]
  [ 45  42  35]
  [ 46  43  34]]

 [[166 217 221]
  [163 214 218]
  [159 212 218]
  ..., 
  [ 46  43  36]
  [ 47  44  37]
  [ 48  45  36]]],new_username:jelo,new_face_encoding:[-0.14719546  0.06747708  0.09613881 -0.04396995 -0.0561648  -0.07248614
 -0.07642457 -0.07238939  0.1091089  -0.17060193  0.20580049 -0.09905585
 -0.18655589 -0.11044651 -0.04759706  0.15434101 -0.14975259 -0.092141
 -0.01624032 -0.03071482  0.11796117  0.00294853 -0.053384    0.02652474
 -0.12544954 -0.32720169 -0.11344939 -0.06099664 -0.07885239 -0.09787528
 -0.0295442   0.04161687 -0.11932448 -0.00496789 -0.08790947  0.08715779
 -0.02284885 -0.06644791  0.12913336 -0.04014431 -0.16680394 -0.06737711
  0.00821531  0.26671147  0.15422571  0.00182309  0.00686343 -0.03512955
  0.10979353 -0.22627775 -0.0369025   0.12476256  0.04515731  0.08786846
  0.03531675 -0.05372938  0.03013537  0.08670218 -0.12941356 -0.00886998
  0.01167598 -0.10878111 -0.0350749  -0.08033196  0.25050145  0.12057569
 -0.12552623 -0.14344311  0.10400288 -0.16786224 -0.10674059  0.02196734
 -0.11101749 -0.17659657 -0.30112571  0.0042701   0.32570717  0.11550531
 -0.20048073  0.0451389  -0.08818339 -0.03461957  0.16771583  0.11322975
  0.02403765  0.06045214 -0.11622495  0.01988063  0.22372304 -0.09480797
 -0.0382663   0.18349089  0.02252054  0.05875019  0.01096321 -0.01036124
 -0.03648226  0.05956666 -0.08176866  0.05969002  0.10509472 -0.04399714
 -0.04657716  0.072582   -0.10096102  0.18449134  0.0491394   0.05009831
  0.00184948 -0.02851101 -0.17174447 -0.03797359  0.13862795 -0.21068722
  0.13464977  0.15024035  0.02101999  0.15455642  0.10145264  0.08848175
 -0.03764861 -0.03464766 -0.17024902 -0.03052069  0.09842215  0.01858731
  0.05285275  0.00775152]
DEBUG 2017-08-14 14:52:20,057 - Small for jelo:[[[223 230 222]
  [221 228 220]
  [216 223 215]
  ..., 
  [146 151 129]
  [149 153 137]
  [150 153 132]]

 [[230 237 229]
  [229 236 228]
  [228 235 227]
  ..., 
  [145 150 128]
  [148 152 136]
  [147 155 132]]

 [[235 242 234]
  [234 241 233]
  [233 240 232]
  ..., 
  [145 150 128]
  [146 150 134]
  [144 152 129]]

 ..., 
 [[108 166 196]
  [120 153 175]
  [184 209 222]
  ..., 
  [ 42  42  22]
  [ 42  45  32]
  [ 63  58  35]]

 [[140 200 230]
  [127 187 217]
  [101 155 183]
  ..., 
  [ 37  37  25]
  [ 38  38  28]
  [ 47  43  39]]

 [[166 219 231]
  [141 199 218]
  [143 202 225]
  ..., 
  [ 33  32  28]
  [ 39  38  35]
  [ 44  41  35]]]
DEBUG 2017-08-14 14:52:20,081 - Face Locations for jelo:[(12, 98, 55, 55)]
DEBUG 2017-08-14 14:52:20,653 - Face Encodings for jelo:[array([-0.14947459,  0.07086936,  0.09605038, -0.05156021, -0.05561218,
       -0.07070559, -0.07168095, -0.07694963,  0.13295989, -0.16918455,
        0.17867139, -0.09087988, -0.1927505 , -0.10609593, -0.06145924,
        0.1482943 , -0.1487184 , -0.10478641, -0.00343629, -0.01032511,
        0.12980747, -0.00403087, -0.05454054,  0.01979209, -0.121704  ,
       -0.32048383, -0.11201383, -0.02600989, -0.07686294, -0.09815188,
       -0.02352271,  0.04015669, -0.14290978, -0.01854449, -0.07405786,
        0.11204166, -0.03201884, -0.0690766 ,  0.13439585, -0.02493251,
       -0.16061379, -0.06136885,  0.01324264,  0.26109102,  0.15781625,
        0.00618751, -0.00994314, -0.04143826,  0.13561122, -0.21817081,
       -0.04280426,  0.13905661,  0.07512315,  0.0883818 ,  0.04663718,
       -0.05252769,  0.06022877,  0.09495541, -0.13785599, -0.00982976,
        0.02239491, -0.09429651, -0.01102332, -0.05472443,  0.2163537 ,
        0.08571111, -0.11080813, -0.15575448,  0.10013193, -0.16368608,
       -0.10322975,  0.01723633, -0.10123987, -0.18346213, -0.29473096,
        0.00166302,  0.33565852,  0.13135968, -0.19888426,  0.05182673,
       -0.073511  , -0.05174201,  0.1599859 ,  0.10084519,  0.0059678 ,
        0.05866741, -0.12993938,  0.00540063,  0.22558802, -0.06731308,
       -0.04380328,  0.18025859,  0.03687415,  0.06661266,  0.00914172,
       -0.03594736, -0.05260622,  0.08047824, -0.10078035,  0.04086755,
        0.08168159, -0.04275271, -0.04255245,  0.0863113 , -0.10524215,
        0.18892114,  0.04839751,  0.04732468, -0.01826954, -0.01417153,
       -0.20065649, -0.0336105 ,  0.11775139, -0.21359983,  0.12916464,
        0.15138018,  0.02957077,  0.13947591,  0.12110709,  0.07798046,
       -0.00630354, -0.01017517, -0.15004168, -0.04799177,  0.09030686,
        0.0141222 ,  0.07002901,  0.00936251])]
DEBUG 2017-08-14 14:52:20,653 - Pass
DEBUG 2017-08-14 14:52:20,654 - Match:[True]
DEBUG 2017-08-14 14:52:20,654 - Recognized:We Recognized: jelo
